<?xml version="1.0" encoding="UTF-8"?>
<!-- Generated by org.testng.reporters.JUnitXMLReporter -->
<testsuite ignored="6" hostname="Kavya" failures="0" tests="1" name="Default test" time="12.304" errors="0" timestamp="2023-04-12T21:36:52 IST">
  <testcase classname="com.ohrm.testcases.RecruitmentTest" name="validateResumeUploaderTextbox" time="6.334"/>
  <testcase classname="com.ohrm.testcases.RecruitmentTest" name="validateCandidate" time="0.0">
    <ignored/>
  </testcase> <!-- validateCandidate -->
  <testcase classname="com.ohrm.testcases.RecruitmentTest" name="validateResumeUploader" time="0.0">
    <ignored/>
  </testcase> <!-- validateResumeUploader -->
  <testcase classname="com.ohrm.testcases.RecruitmentTest" name="validateDownloadIcon" time="0.0">
    <ignored/>
  </testcase> <!-- validateDownloadIcon -->
  <testcase classname="com.ohrm.testcases.RecruitmentTest" name="validateResumeUploaderLargeFiles" time="0.0">
    <ignored/>
  </testcase> <!-- validateResumeUploaderLargeFiles -->
  <testcase classname="com.ohrm.testcases.RecruitmentTest" name="validateRecruitment" time="0.0">
    <ignored/>
  </testcase> <!-- validateRecruitment -->
  <testcase classname="com.ohrm.testcases.RecruitmentTest" name="validateViewIcon" time="0.0">
    <ignored/>
  </testcase> <!-- validateViewIcon -->
</testsuite> <!-- Default test -->
