<?xml version="1.0" encoding="UTF-8"?>
<!-- Generated by org.testng.reporters.JUnitXMLReporter -->
<testsuite ignored="0" hostname="Kavya" failures="0" tests="25" name="Test" time="495.748" errors="0" timestamp="2023-04-12T22:22:35 IST">
  <testcase classname="com.ohrm.testcases.VacanciesTest" name="validateJobTitleDropdown" time="6.501"/>
  <testcase classname="com.ohrm.testcases.VacanciesTest" name="validateReset" time="6.427"/>
  <testcase classname="com.ohrm.testcases.VacanciesTest" name="validateVacancies" time="9.468"/>
  <testcase classname="com.ohrm.testcases.ConfigurationTest" name="validateConfiguration" time="5.881"/>
  <testcase classname="com.ohrm.testcases.ConfigurationTest" name="validateReports" time="5.88"/>
  <testcase classname="com.ohrm.testcases.AddEmployeeTest" name="validateAddEmployee" time="6.023"/>
  <testcase classname="com.ohrm.testcases.AddEmployeeTest" name="validateEmployeeNameTextbox" time="6.73"/>
  <testcase classname="com.ohrm.testcases.AddEmployeeTest" name="validateFillEmployeeNameTextbox" time="5.681"/>
  <testcase classname="com.ohrm.testcases.AddEmployeeTest" name="validateSavebutton" time="6.805"/>
  <testcase classname="com.ohrm.testcases.AddEmployeeTest" name="validateToggleSwitch" time="6.355"/>
  <testcase classname="com.ohrm.testcases.AddEmployeeTest" name="validateUploadImage" time="13.28"/>
  <testcase classname="com.ohrm.testcases.AddEmployeeTest" name="validateUploadImageButton" time="6.336"/>
  <testcase classname="com.ohrm.testcases.AddEmployeeTest" name="validateUploadImageLargeFiles" time="13.152"/>
  <testcase classname="com.ohrm.testcases.LoginPageTest" name="validateLoginTest" time="0.804"/>
  <testcase classname="com.ohrm.testcases.PIMTest" name="deletePIM" time="7.846"/>
  <testcase classname="com.ohrm.testcases.PIMTest" name="validatePIM" time="4.469"/>
  <testcase classname="com.ohrm.testcases.PIMTest" name="validatePIMEdit" time="7.369"/>
  <testcase classname="com.ohrm.testcases.PIMTest" name="validatePIMEmployeeList" time="5.78"/>
  <testcase classname="com.ohrm.testcases.RecruitmentTest" name="validateCandidate" time="5.33"/>
  <testcase classname="com.ohrm.testcases.RecruitmentTest" name="validateDownloadIcon" time="6.751"/>
  <testcase classname="com.ohrm.testcases.RecruitmentTest" name="validateRecruitment" time="4.182"/>
  <testcase classname="com.ohrm.testcases.RecruitmentTest" name="validateResumeUploader" time="14.182"/>
  <testcase classname="com.ohrm.testcases.RecruitmentTest" name="validateResumeUploaderLargeFiles" time="12.813"/>
  <testcase classname="com.ohrm.testcases.RecruitmentTest" name="validateResumeUploaderTextbox" time="7.067"/>
  <testcase classname="com.ohrm.testcases.RecruitmentTest" name="validateViewIcon" time="8.962"/>
</testsuite> <!-- Test -->
