<?xml version="1.0" encoding="UTF-8"?>
<testng-results ignored="0" total="25" passed="25" failed="0" skipped="0">
  <reporter-output>
  </reporter-output>
  <suite started-at="2023-04-12T22:14:19 IST" name="Suite" finished-at="2023-04-12T22:22:35 IST" duration-ms="495748">
    <groups>
    </groups>
    <test started-at="2023-04-12T22:14:19 IST" name="Test" finished-at="2023-04-12T22:22:35 IST" duration-ms="495748">
      <class name="com.ohrm.testcases.ConfigurationTest">
        <test-method is-config="true" signature="browserConfig()[pri:0, instance:com.ohrm.testcases.ConfigurationTest@223d2c72]" started-at="2023-04-12T22:15:15 IST" name="browserConfig" finished-at="2023-04-12T22:15:27 IST" duration-ms="11622" status="PASS">
          <reporter-output>
          </reporter-output>
        </test-method> <!-- browserConfig -->
        <test-method signature="validateConfiguration()[pri:0, instance:com.ohrm.testcases.ConfigurationTest@223d2c72]" started-at="2023-04-12T22:15:27 IST" name="validateConfiguration" finished-at="2023-04-12T22:15:33 IST" duration-ms="5881" status="PASS">
          <reporter-output>
          </reporter-output>
        </test-method> <!-- validateConfiguration -->
        <test-method is-config="true" signature="closeBrowser()[pri:0, instance:com.ohrm.testcases.ConfigurationTest@223d2c72]" started-at="2023-04-12T22:15:33 IST" name="closeBrowser" finished-at="2023-04-12T22:15:33 IST" duration-ms="239" status="PASS">
          <reporter-output>
          </reporter-output>
        </test-method> <!-- closeBrowser -->
        <test-method is-config="true" signature="browserConfig()[pri:0, instance:com.ohrm.testcases.ConfigurationTest@223d2c72]" started-at="2023-04-12T22:15:33 IST" name="browserConfig" finished-at="2023-04-12T22:15:46 IST" duration-ms="12765" status="PASS">
          <reporter-output>
          </reporter-output>
        </test-method> <!-- browserConfig -->
        <test-method signature="validateReports()[pri:0, instance:com.ohrm.testcases.ConfigurationTest@223d2c72]" started-at="2023-04-12T22:15:46 IST" name="validateReports" finished-at="2023-04-12T22:15:51 IST" duration-ms="5880" status="PASS">
          <reporter-output>
          </reporter-output>
        </test-method> <!-- validateReports -->
        <test-method is-config="true" signature="closeBrowser()[pri:0, instance:com.ohrm.testcases.ConfigurationTest@223d2c72]" started-at="2023-04-12T22:15:51 IST" name="closeBrowser" finished-at="2023-04-12T22:15:52 IST" duration-ms="254" status="PASS">
          <reporter-output>
          </reporter-output>
        </test-method> <!-- closeBrowser -->
      </class> <!-- com.ohrm.testcases.ConfigurationTest -->
      <class name="com.ohrm.testcases.AddEmployeeTest">
        <test-method is-config="true" signature="browserConfig()[pri:0, instance:com.ohrm.testcases.AddEmployeeTest@74fe5c40]" started-at="2023-04-12T22:15:52 IST" name="browserConfig" finished-at="2023-04-12T22:16:01 IST" duration-ms="9455" status="PASS">
          <reporter-output>
          </reporter-output>
        </test-method> <!-- browserConfig -->
        <test-method signature="validateAddEmployee()[pri:0, instance:com.ohrm.testcases.AddEmployeeTest@74fe5c40]" started-at="2023-04-12T22:16:01 IST" name="validateAddEmployee" finished-at="2023-04-12T22:16:07 IST" duration-ms="6023" status="PASS">
          <reporter-output>
          </reporter-output>
        </test-method> <!-- validateAddEmployee -->
        <test-method is-config="true" signature="closeBrowser()[pri:0, instance:com.ohrm.testcases.AddEmployeeTest@74fe5c40]" started-at="2023-04-12T22:16:07 IST" name="closeBrowser" finished-at="2023-04-12T22:16:07 IST" duration-ms="255" status="PASS">
          <reporter-output>
          </reporter-output>
        </test-method> <!-- closeBrowser -->
        <test-method is-config="true" signature="browserConfig()[pri:0, instance:com.ohrm.testcases.AddEmployeeTest@74fe5c40]" started-at="2023-04-12T22:16:07 IST" name="browserConfig" finished-at="2023-04-12T22:16:32 IST" duration-ms="24616" status="PASS">
          <reporter-output>
          </reporter-output>
        </test-method> <!-- browserConfig -->
        <test-method signature="validateEmployeeNameTextbox()[pri:0, instance:com.ohrm.testcases.AddEmployeeTest@74fe5c40]" started-at="2023-04-12T22:16:32 IST" name="validateEmployeeNameTextbox" finished-at="2023-04-12T22:16:39 IST" duration-ms="6730" status="PASS">
          <reporter-output>
          </reporter-output>
        </test-method> <!-- validateEmployeeNameTextbox -->
        <test-method is-config="true" signature="closeBrowser()[pri:0, instance:com.ohrm.testcases.AddEmployeeTest@74fe5c40]" started-at="2023-04-12T22:16:39 IST" name="closeBrowser" finished-at="2023-04-12T22:16:39 IST" duration-ms="252" status="PASS">
          <reporter-output>
          </reporter-output>
        </test-method> <!-- closeBrowser -->
        <test-method is-config="true" signature="browserConfig()[pri:0, instance:com.ohrm.testcases.AddEmployeeTest@74fe5c40]" started-at="2023-04-12T22:16:39 IST" name="browserConfig" finished-at="2023-04-12T22:16:47 IST" duration-ms="8149" status="PASS">
          <reporter-output>
          </reporter-output>
        </test-method> <!-- browserConfig -->
        <test-method signature="validateFillEmployeeNameTextbox()[pri:0, instance:com.ohrm.testcases.AddEmployeeTest@74fe5c40]" started-at="2023-04-12T22:16:47 IST" name="validateFillEmployeeNameTextbox" finished-at="2023-04-12T22:16:53 IST" duration-ms="5681" status="PASS">
          <reporter-output>
          </reporter-output>
        </test-method> <!-- validateFillEmployeeNameTextbox -->
        <test-method is-config="true" signature="closeBrowser()[pri:0, instance:com.ohrm.testcases.AddEmployeeTest@74fe5c40]" started-at="2023-04-12T22:16:53 IST" name="closeBrowser" finished-at="2023-04-12T22:16:53 IST" duration-ms="243" status="PASS">
          <reporter-output>
          </reporter-output>
        </test-method> <!-- closeBrowser -->
        <test-method is-config="true" signature="browserConfig()[pri:0, instance:com.ohrm.testcases.AddEmployeeTest@74fe5c40]" started-at="2023-04-12T22:16:53 IST" name="browserConfig" finished-at="2023-04-12T22:17:13 IST" duration-ms="20035" status="PASS">
          <reporter-output>
          </reporter-output>
        </test-method> <!-- browserConfig -->
        <test-method signature="validateSavebutton()[pri:0, instance:com.ohrm.testcases.AddEmployeeTest@74fe5c40]" started-at="2023-04-12T22:17:13 IST" name="validateSavebutton" finished-at="2023-04-12T22:17:20 IST" duration-ms="6805" status="PASS">
          <reporter-output>
          </reporter-output>
        </test-method> <!-- validateSavebutton -->
        <test-method is-config="true" signature="closeBrowser()[pri:0, instance:com.ohrm.testcases.AddEmployeeTest@74fe5c40]" started-at="2023-04-12T22:17:20 IST" name="closeBrowser" finished-at="2023-04-12T22:17:20 IST" duration-ms="255" status="PASS">
          <reporter-output>
          </reporter-output>
        </test-method> <!-- closeBrowser -->
        <test-method is-config="true" signature="browserConfig()[pri:0, instance:com.ohrm.testcases.AddEmployeeTest@74fe5c40]" started-at="2023-04-12T22:17:20 IST" name="browserConfig" finished-at="2023-04-12T22:17:32 IST" duration-ms="11689" status="PASS">
          <reporter-output>
          </reporter-output>
        </test-method> <!-- browserConfig -->
        <test-method signature="validateToggleSwitch()[pri:0, instance:com.ohrm.testcases.AddEmployeeTest@74fe5c40]" started-at="2023-04-12T22:17:32 IST" name="validateToggleSwitch" finished-at="2023-04-12T22:17:38 IST" duration-ms="6355" status="PASS">
          <reporter-output>
          </reporter-output>
        </test-method> <!-- validateToggleSwitch -->
        <test-method is-config="true" signature="closeBrowser()[pri:0, instance:com.ohrm.testcases.AddEmployeeTest@74fe5c40]" started-at="2023-04-12T22:17:38 IST" name="closeBrowser" finished-at="2023-04-12T22:17:39 IST" duration-ms="322" status="PASS">
          <reporter-output>
          </reporter-output>
        </test-method> <!-- closeBrowser -->
        <test-method is-config="true" signature="browserConfig()[pri:0, instance:com.ohrm.testcases.AddEmployeeTest@74fe5c40]" started-at="2023-04-12T22:17:39 IST" name="browserConfig" finished-at="2023-04-12T22:17:58 IST" duration-ms="19520" status="PASS">
          <reporter-output>
          </reporter-output>
        </test-method> <!-- browserConfig -->
        <test-method signature="validateUploadImage()[pri:0, instance:com.ohrm.testcases.AddEmployeeTest@74fe5c40]" started-at="2023-04-12T22:17:58 IST" name="validateUploadImage" finished-at="2023-04-12T22:18:11 IST" duration-ms="13280" status="PASS">
          <reporter-output>
          </reporter-output>
        </test-method> <!-- validateUploadImage -->
        <test-method is-config="true" signature="closeBrowser()[pri:0, instance:com.ohrm.testcases.AddEmployeeTest@74fe5c40]" started-at="2023-04-12T22:18:11 IST" name="closeBrowser" finished-at="2023-04-12T22:18:12 IST" duration-ms="353" status="PASS">
          <reporter-output>
          </reporter-output>
        </test-method> <!-- closeBrowser -->
        <test-method is-config="true" signature="browserConfig()[pri:0, instance:com.ohrm.testcases.AddEmployeeTest@74fe5c40]" started-at="2023-04-12T22:18:12 IST" name="browserConfig" finished-at="2023-04-12T22:18:21 IST" duration-ms="9284" status="PASS">
          <reporter-output>
          </reporter-output>
        </test-method> <!-- browserConfig -->
        <test-method signature="validateUploadImageButton()[pri:0, instance:com.ohrm.testcases.AddEmployeeTest@74fe5c40]" started-at="2023-04-12T22:18:21 IST" name="validateUploadImageButton" finished-at="2023-04-12T22:18:27 IST" duration-ms="6336" status="PASS">
          <reporter-output>
          </reporter-output>
        </test-method> <!-- validateUploadImageButton -->
        <test-method is-config="true" signature="closeBrowser()[pri:0, instance:com.ohrm.testcases.AddEmployeeTest@74fe5c40]" started-at="2023-04-12T22:18:27 IST" name="closeBrowser" finished-at="2023-04-12T22:18:28 IST" duration-ms="261" status="PASS">
          <reporter-output>
          </reporter-output>
        </test-method> <!-- closeBrowser -->
        <test-method is-config="true" signature="browserConfig()[pri:0, instance:com.ohrm.testcases.AddEmployeeTest@74fe5c40]" started-at="2023-04-12T22:18:28 IST" name="browserConfig" finished-at="2023-04-12T22:18:42 IST" duration-ms="14152" status="PASS">
          <reporter-output>
          </reporter-output>
        </test-method> <!-- browserConfig -->
        <test-method signature="validateUploadImageLargeFiles()[pri:0, instance:com.ohrm.testcases.AddEmployeeTest@74fe5c40]" started-at="2023-04-12T22:18:42 IST" name="validateUploadImageLargeFiles" finished-at="2023-04-12T22:18:55 IST" duration-ms="13152" status="PASS">
          <reporter-output>
          </reporter-output>
        </test-method> <!-- validateUploadImageLargeFiles -->
        <test-method is-config="true" signature="closeBrowser()[pri:0, instance:com.ohrm.testcases.AddEmployeeTest@74fe5c40]" started-at="2023-04-12T22:18:55 IST" name="closeBrowser" finished-at="2023-04-12T22:18:55 IST" duration-ms="321" status="PASS">
          <reporter-output>
          </reporter-output>
        </test-method> <!-- closeBrowser -->
      </class> <!-- com.ohrm.testcases.AddEmployeeTest -->
      <class name="com.ohrm.testcases.VacanciesTest">
        <test-method is-config="true" signature="browserConfig()[pri:0, instance:com.ohrm.testcases.VacanciesTest@7c729a55]" started-at="2023-04-12T22:14:19 IST" name="browserConfig" finished-at="2023-04-12T22:14:29 IST" duration-ms="9414" status="PASS">
          <reporter-output>
          </reporter-output>
        </test-method> <!-- browserConfig -->
        <test-method signature="validateJobTitleDropdown()[pri:0, instance:com.ohrm.testcases.VacanciesTest@7c729a55]" started-at="2023-04-12T22:14:29 IST" name="validateJobTitleDropdown" finished-at="2023-04-12T22:14:35 IST" duration-ms="6501" status="PASS">
          <reporter-output>
          </reporter-output>
        </test-method> <!-- validateJobTitleDropdown -->
        <test-method is-config="true" signature="closeBrowser()[pri:0, instance:com.ohrm.testcases.VacanciesTest@7c729a55]" started-at="2023-04-12T22:14:35 IST" name="closeBrowser" finished-at="2023-04-12T22:14:35 IST" duration-ms="251" status="PASS">
          <reporter-output>
          </reporter-output>
        </test-method> <!-- closeBrowser -->
        <test-method is-config="true" signature="browserConfig()[pri:0, instance:com.ohrm.testcases.VacanciesTest@7c729a55]" started-at="2023-04-12T22:14:35 IST" name="browserConfig" finished-at="2023-04-12T22:14:46 IST" duration-ms="10928" status="PASS">
          <reporter-output>
          </reporter-output>
        </test-method> <!-- browserConfig -->
        <test-method signature="validateReset()[pri:0, instance:com.ohrm.testcases.VacanciesTest@7c729a55]" started-at="2023-04-12T22:14:46 IST" name="validateReset" finished-at="2023-04-12T22:14:53 IST" duration-ms="6427" status="PASS">
          <reporter-output>
          </reporter-output>
        </test-method> <!-- validateReset -->
        <test-method is-config="true" signature="closeBrowser()[pri:0, instance:com.ohrm.testcases.VacanciesTest@7c729a55]" started-at="2023-04-12T22:14:53 IST" name="closeBrowser" finished-at="2023-04-12T22:14:53 IST" duration-ms="253" status="PASS">
          <reporter-output>
          </reporter-output>
        </test-method> <!-- closeBrowser -->
        <test-method is-config="true" signature="browserConfig()[pri:0, instance:com.ohrm.testcases.VacanciesTest@7c729a55]" started-at="2023-04-12T22:14:53 IST" name="browserConfig" finished-at="2023-04-12T22:15:05 IST" duration-ms="11641" status="PASS">
          <reporter-output>
          </reporter-output>
        </test-method> <!-- browserConfig -->
        <test-method signature="validateVacancies()[pri:0, instance:com.ohrm.testcases.VacanciesTest@7c729a55]" started-at="2023-04-12T22:15:05 IST" name="validateVacancies" finished-at="2023-04-12T22:15:14 IST" duration-ms="9468" status="PASS">
          <reporter-output>
          </reporter-output>
        </test-method> <!-- validateVacancies -->
        <test-method is-config="true" signature="closeBrowser()[pri:0, instance:com.ohrm.testcases.VacanciesTest@7c729a55]" started-at="2023-04-12T22:15:14 IST" name="closeBrowser" finished-at="2023-04-12T22:15:15 IST" duration-ms="880" status="PASS">
          <reporter-output>
          </reporter-output>
        </test-method> <!-- closeBrowser -->
      </class> <!-- com.ohrm.testcases.VacanciesTest -->
      <class name="com.ohrm.testcases.PIMTest">
        <test-method is-config="true" signature="browserConfig()[pri:0, instance:com.ohrm.testcases.PIMTest@10e31a9a]" started-at="2023-04-12T22:19:11 IST" name="browserConfig" finished-at="2023-04-12T22:19:23 IST" duration-ms="12432" status="PASS">
          <reporter-output>
          </reporter-output>
        </test-method> <!-- browserConfig -->
        <test-method signature="deletePIM()[pri:0, instance:com.ohrm.testcases.PIMTest@10e31a9a]" started-at="2023-04-12T22:19:23 IST" name="deletePIM" finished-at="2023-04-12T22:19:31 IST" duration-ms="7846" status="PASS">
          <reporter-output>
          </reporter-output>
        </test-method> <!-- deletePIM -->
        <test-method is-config="true" signature="closeBrowser()[pri:0, instance:com.ohrm.testcases.PIMTest@10e31a9a]" started-at="2023-04-12T22:19:31 IST" name="closeBrowser" finished-at="2023-04-12T22:19:31 IST" duration-ms="189" status="PASS">
          <reporter-output>
          </reporter-output>
        </test-method> <!-- closeBrowser -->
        <test-method is-config="true" signature="browserConfig()[pri:0, instance:com.ohrm.testcases.PIMTest@10e31a9a]" started-at="2023-04-12T22:19:31 IST" name="browserConfig" finished-at="2023-04-12T22:19:44 IST" duration-ms="12508" status="PASS">
          <reporter-output>
          </reporter-output>
        </test-method> <!-- browserConfig -->
        <test-method signature="validatePIM()[pri:0, instance:com.ohrm.testcases.PIMTest@10e31a9a]" started-at="2023-04-12T22:19:44 IST" name="validatePIM" finished-at="2023-04-12T22:19:48 IST" duration-ms="4469" status="PASS">
          <reporter-output>
          </reporter-output>
        </test-method> <!-- validatePIM -->
        <test-method is-config="true" signature="closeBrowser()[pri:0, instance:com.ohrm.testcases.PIMTest@10e31a9a]" started-at="2023-04-12T22:19:48 IST" name="closeBrowser" finished-at="2023-04-12T22:19:48 IST" duration-ms="204" status="PASS">
          <reporter-output>
          </reporter-output>
        </test-method> <!-- closeBrowser -->
        <test-method is-config="true" signature="browserConfig()[pri:0, instance:com.ohrm.testcases.PIMTest@10e31a9a]" started-at="2023-04-12T22:19:48 IST" name="browserConfig" finished-at="2023-04-12T22:19:58 IST" duration-ms="9245" status="PASS">
          <reporter-output>
          </reporter-output>
        </test-method> <!-- browserConfig -->
        <test-method signature="validatePIMEdit()[pri:0, instance:com.ohrm.testcases.PIMTest@10e31a9a]" started-at="2023-04-12T22:19:58 IST" name="validatePIMEdit" finished-at="2023-04-12T22:20:05 IST" duration-ms="7369" status="PASS">
          <reporter-output>
          </reporter-output>
        </test-method> <!-- validatePIMEdit -->
        <test-method is-config="true" signature="closeBrowser()[pri:0, instance:com.ohrm.testcases.PIMTest@10e31a9a]" started-at="2023-04-12T22:20:05 IST" name="closeBrowser" finished-at="2023-04-12T22:20:05 IST" duration-ms="221" status="PASS">
          <reporter-output>
          </reporter-output>
        </test-method> <!-- closeBrowser -->
        <test-method is-config="true" signature="browserConfig()[pri:0, instance:com.ohrm.testcases.PIMTest@10e31a9a]" started-at="2023-04-12T22:20:05 IST" name="browserConfig" finished-at="2023-04-12T22:20:14 IST" duration-ms="8559" status="PASS">
          <reporter-output>
          </reporter-output>
        </test-method> <!-- browserConfig -->
        <test-method signature="validatePIMEmployeeList()[pri:0, instance:com.ohrm.testcases.PIMTest@10e31a9a]" started-at="2023-04-12T22:20:14 IST" name="validatePIMEmployeeList" finished-at="2023-04-12T22:20:20 IST" duration-ms="5780" status="PASS">
          <reporter-output>
          </reporter-output>
        </test-method> <!-- validatePIMEmployeeList -->
        <test-method is-config="true" signature="closeBrowser()[pri:0, instance:com.ohrm.testcases.PIMTest@10e31a9a]" started-at="2023-04-12T22:20:20 IST" name="closeBrowser" finished-at="2023-04-12T22:20:20 IST" duration-ms="186" status="PASS">
          <reporter-output>
          </reporter-output>
        </test-method> <!-- closeBrowser -->
      </class> <!-- com.ohrm.testcases.PIMTest -->
      <class name="com.ohrm.testcases.RecruitmentTest">
        <test-method is-config="true" signature="browserConfig()[pri:0, instance:com.ohrm.testcases.RecruitmentTest@131774fe]" started-at="2023-04-12T22:20:20 IST" name="browserConfig" finished-at="2023-04-12T22:20:29 IST" duration-ms="8667" status="PASS">
          <reporter-output>
          </reporter-output>
        </test-method> <!-- browserConfig -->
        <test-method signature="validateCandidate()[pri:0, instance:com.ohrm.testcases.RecruitmentTest@131774fe]" started-at="2023-04-12T22:20:29 IST" name="validateCandidate" finished-at="2023-04-12T22:20:34 IST" duration-ms="5330" status="PASS">
          <reporter-output>
          </reporter-output>
        </test-method> <!-- validateCandidate -->
        <test-method is-config="true" signature="closeBrowser()[pri:0, instance:com.ohrm.testcases.RecruitmentTest@131774fe]" started-at="2023-04-12T22:20:34 IST" name="closeBrowser" finished-at="2023-04-12T22:20:34 IST" duration-ms="243" status="PASS">
          <reporter-output>
          </reporter-output>
        </test-method> <!-- closeBrowser -->
        <test-method is-config="true" signature="browserConfig()[pri:0, instance:com.ohrm.testcases.RecruitmentTest@131774fe]" started-at="2023-04-12T22:20:34 IST" name="browserConfig" finished-at="2023-04-12T22:20:45 IST" duration-ms="10692" status="PASS">
          <reporter-output>
          </reporter-output>
        </test-method> <!-- browserConfig -->
        <test-method signature="validateDownloadIcon()[pri:0, instance:com.ohrm.testcases.RecruitmentTest@131774fe]" started-at="2023-04-12T22:20:45 IST" name="validateDownloadIcon" finished-at="2023-04-12T22:20:52 IST" duration-ms="6751" status="PASS">
          <reporter-output>
          </reporter-output>
        </test-method> <!-- validateDownloadIcon -->
        <test-method is-config="true" signature="closeBrowser()[pri:0, instance:com.ohrm.testcases.RecruitmentTest@131774fe]" started-at="2023-04-12T22:20:52 IST" name="closeBrowser" finished-at="2023-04-12T22:20:52 IST" duration-ms="248" status="PASS">
          <reporter-output>
          </reporter-output>
        </test-method> <!-- closeBrowser -->
        <test-method is-config="true" signature="browserConfig()[pri:0, instance:com.ohrm.testcases.RecruitmentTest@131774fe]" started-at="2023-04-12T22:20:52 IST" name="browserConfig" finished-at="2023-04-12T22:21:03 IST" duration-ms="11476" status="PASS">
          <reporter-output>
          </reporter-output>
        </test-method> <!-- browserConfig -->
        <test-method signature="validateRecruitment()[pri:0, instance:com.ohrm.testcases.RecruitmentTest@131774fe]" started-at="2023-04-12T22:21:03 IST" name="validateRecruitment" finished-at="2023-04-12T22:21:07 IST" duration-ms="4182" status="PASS">
          <reporter-output>
          </reporter-output>
        </test-method> <!-- validateRecruitment -->
        <test-method is-config="true" signature="closeBrowser()[pri:0, instance:com.ohrm.testcases.RecruitmentTest@131774fe]" started-at="2023-04-12T22:21:07 IST" name="closeBrowser" finished-at="2023-04-12T22:21:08 IST" duration-ms="189" status="PASS">
          <reporter-output>
          </reporter-output>
        </test-method> <!-- closeBrowser -->
        <test-method is-config="true" signature="browserConfig()[pri:0, instance:com.ohrm.testcases.RecruitmentTest@131774fe]" started-at="2023-04-12T22:21:08 IST" name="browserConfig" finished-at="2023-04-12T22:21:20 IST" duration-ms="12810" status="PASS">
          <reporter-output>
          </reporter-output>
        </test-method> <!-- browserConfig -->
        <test-method signature="validateResumeUploader()[pri:0, instance:com.ohrm.testcases.RecruitmentTest@131774fe]" started-at="2023-04-12T22:21:20 IST" name="validateResumeUploader" finished-at="2023-04-12T22:21:35 IST" duration-ms="14182" status="PASS">
          <reporter-output>
          </reporter-output>
        </test-method> <!-- validateResumeUploader -->
        <test-method is-config="true" signature="closeBrowser()[pri:0, instance:com.ohrm.testcases.RecruitmentTest@131774fe]" started-at="2023-04-12T22:21:35 IST" name="closeBrowser" finished-at="2023-04-12T22:21:35 IST" duration-ms="372" status="PASS">
          <reporter-output>
          </reporter-output>
        </test-method> <!-- closeBrowser -->
        <test-method is-config="true" signature="browserConfig()[pri:0, instance:com.ohrm.testcases.RecruitmentTest@131774fe]" started-at="2023-04-12T22:21:35 IST" name="browserConfig" finished-at="2023-04-12T22:21:45 IST" duration-ms="9980" status="PASS">
          <reporter-output>
          </reporter-output>
        </test-method> <!-- browserConfig -->
        <test-method signature="validateResumeUploaderLargeFiles()[pri:0, instance:com.ohrm.testcases.RecruitmentTest@131774fe]" started-at="2023-04-12T22:21:45 IST" name="validateResumeUploaderLargeFiles" finished-at="2023-04-12T22:21:58 IST" duration-ms="12813" status="PASS">
          <reporter-output>
          </reporter-output>
        </test-method> <!-- validateResumeUploaderLargeFiles -->
        <test-method is-config="true" signature="closeBrowser()[pri:0, instance:com.ohrm.testcases.RecruitmentTest@131774fe]" started-at="2023-04-12T22:21:58 IST" name="closeBrowser" finished-at="2023-04-12T22:21:58 IST" duration-ms="391" status="PASS">
          <reporter-output>
          </reporter-output>
        </test-method> <!-- closeBrowser -->
        <test-method is-config="true" signature="browserConfig()[pri:0, instance:com.ohrm.testcases.RecruitmentTest@131774fe]" started-at="2023-04-12T22:21:58 IST" name="browserConfig" finished-at="2023-04-12T22:22:09 IST" duration-ms="10572" status="PASS">
          <reporter-output>
          </reporter-output>
        </test-method> <!-- browserConfig -->
        <test-method signature="validateResumeUploaderTextbox()[pri:0, instance:com.ohrm.testcases.RecruitmentTest@131774fe]" started-at="2023-04-12T22:22:09 IST" name="validateResumeUploaderTextbox" finished-at="2023-04-12T22:22:16 IST" duration-ms="7067" status="PASS">
          <reporter-output>
          </reporter-output>
        </test-method> <!-- validateResumeUploaderTextbox -->
        <test-method is-config="true" signature="closeBrowser()[pri:0, instance:com.ohrm.testcases.RecruitmentTest@131774fe]" started-at="2023-04-12T22:22:16 IST" name="closeBrowser" finished-at="2023-04-12T22:22:16 IST" duration-ms="310" status="PASS">
          <reporter-output>
          </reporter-output>
        </test-method> <!-- closeBrowser -->
        <test-method is-config="true" signature="browserConfig()[pri:0, instance:com.ohrm.testcases.RecruitmentTest@131774fe]" started-at="2023-04-12T22:22:16 IST" name="browserConfig" finished-at="2023-04-12T22:22:26 IST" duration-ms="9645" status="PASS">
          <reporter-output>
          </reporter-output>
        </test-method> <!-- browserConfig -->
        <test-method signature="validateViewIcon()[pri:0, instance:com.ohrm.testcases.RecruitmentTest@131774fe]" started-at="2023-04-12T22:22:26 IST" name="validateViewIcon" finished-at="2023-04-12T22:22:35 IST" duration-ms="8962" status="PASS">
          <reporter-output>
          </reporter-output>
        </test-method> <!-- validateViewIcon -->
        <test-method is-config="true" signature="closeBrowser()[pri:0, instance:com.ohrm.testcases.RecruitmentTest@131774fe]" started-at="2023-04-12T22:22:35 IST" name="closeBrowser" finished-at="2023-04-12T22:22:35 IST" duration-ms="244" status="PASS">
          <reporter-output>
          </reporter-output>
        </test-method> <!-- closeBrowser -->
      </class> <!-- com.ohrm.testcases.RecruitmentTest -->
      <class name="com.ohrm.testcases.LoginPageTest">
        <test-method is-config="true" signature="browserConfig()[pri:0, instance:com.ohrm.testcases.LoginPageTest@3febb011]" started-at="2023-04-12T22:18:55 IST" name="browserConfig" finished-at="2023-04-12T22:19:10 IST" duration-ms="14477" status="PASS">
          <reporter-output>
          </reporter-output>
        </test-method> <!-- browserConfig -->
        <test-method signature="validateLoginTest()[pri:0, instance:com.ohrm.testcases.LoginPageTest@3febb011]" started-at="2023-04-12T22:19:10 IST" name="validateLoginTest" finished-at="2023-04-12T22:19:11 IST" duration-ms="804" status="PASS">
          <reporter-output>
          </reporter-output>
        </test-method> <!-- validateLoginTest -->
        <test-method is-config="true" signature="closeBrowser()[pri:0, instance:com.ohrm.testcases.LoginPageTest@3febb011]" started-at="2023-04-12T22:19:11 IST" name="closeBrowser" finished-at="2023-04-12T22:19:11 IST" duration-ms="281" status="PASS">
          <reporter-output>
          </reporter-output>
        </test-method> <!-- closeBrowser -->
      </class> <!-- com.ohrm.testcases.LoginPageTest -->
    </test> <!-- Test -->
  </suite> <!-- Suite -->
</testng-results>
